2021-10-24 12:58:03,061:INFO:PyCaret Supervised Module
2021-10-24 12:58:03,062:INFO:ML Usecase: regression
2021-10-24 12:58:03,062:INFO:version 2.2.0
2021-10-24 12:58:03,062:INFO:Initializing setup()
2021-10-24 12:58:03,062:INFO:setup(target=MA_Conf_Cases, ml_usecase=regression, available_plots={'parameter': 'Hyperparameters', 'residuals': 'Residuals', 'error': 'Prediction Error', 'cooks': 'Cooks Distance', 'rfe': 'Feature Selection', 'learning': 'Learning Curve', 'manifold': 'Manifold Learning', 'vc': 'Validation Curve', 'feature': 'Feature Importance', 'feature_all': 'Feature Importance (All)', 'tree': 'Decision Tree'}, train_size=0.7, test_data=            MA_Avg_Temp(F)  MA_PRCP(mm)  MA_Conf_Cases
date                                                  
2021-05-03           59.90          0.0           80.0
2021-05-04           49.46         27.2          127.0
2021-05-05           48.02          8.9          157.0
2021-05-06           55.04          1.0          194.0
2021-05-07           49.46          0.0          168.0
2021-05-10           53.96          8.9           74.0
2021-05-11           55.94          0.0           23.0
2021-05-12           54.50          0.0          140.0
2021-05-13           54.50          0.0           82.0
2021-05-14           59.54          0.0           50.0
2021-05-17           60.98          0.0           33.0
2021-05-18           65.48          0.0           53.0
2021-05-19           65.84          0.0           66.0
2021-05-20           60.44          0.0           76.0
2021-05-21           65.48          0.0           77.0
2021-05-24           58.46          0.0           36.0
2021-05-25           62.42          0.0           38.0
2021-05-26           74.48          0.0           72.0
2021-05-27           73.40          5.8           29.0
2021-05-28           59.00          0.5           59.0
2021-06-01           60.44          0.0           44.0
2021-06-02           66.02          0.0           13.0
2021-06-03           66.02          0.0           52.0
2021-06-04           71.42          0.5           27.0
2021-06-07           80.42          0.0           15.0
2021-06-08           82.40          1.5           26.0
2021-06-09           78.98          1.0           14.0
2021-06-10           66.02          0.0           15.0
2021-06-11           57.92          0.0           15.0
2021-06-14           63.86         13.0            9.0
2021-06-15           69.44          0.0           11.0
2021-06-16           65.48          0.0           16.0
2021-06-17           62.42          0.0            6.0
2021-06-18           66.38          0.0           24.0
2021-06-21           77.00          0.0            8.0
2021-06-22           75.56         24.6            8.0
2021-06-23           63.50          2.0           18.0
2021-06-24           62.96          0.0           20.0
2021-06-25           63.50         11.4           17.0
2021-06-28           82.40          0.0           11.0
2021-06-29           84.92          0.0           16.0
2021-06-30           84.92          5.8           18.0
2021-07-01           77.00         12.2           14.0
2021-07-02           64.94         54.4           26.0
2021-07-05           65.48          0.5            0.0
2021-07-06           77.00          0.0           51.0
2021-07-07           78.98         27.4           27.0
2021-07-08           68.00         18.5           18.0
2021-07-09           67.46         49.8           32.0
2021-07-12           68.00         38.4           54.0
2021-07-13           64.94          0.3           53.0
2021-07-14           72.50          0.0           45.0
2021-07-15           76.46          0.0           38.0
2021-07-16           81.50          3.6           46.0
2021-07-19           68.00          0.8          147.0
2021-07-20           73.40          0.0           82.0
2021-07-21           72.50          2.5           94.0
2021-07-22           70.88          4.6           96.0
2021-07-23           69.44          4.3          114.0
2021-07-26           77.54          0.0          270.0
2021-07-27           75.92          6.9          129.0
2021-07-28           68.00         11.4          123.0
2021-07-29           69.44          0.0          153.0
2021-07-30           71.96          4.3          188.0
2021-08-02           69.44          0.0          372.0
2021-08-03           65.48          0.0          203.0
2021-08-04           68.90          1.8          193.0
2021-08-05           64.94         85.9          217.0
2021-08-06           73.94          0.5          205.0
2021-08-09           70.34         14.7          503.0
2021-08-10           70.88         15.7          223.0
2021-08-11           77.36          0.0          298.0
2021-08-12           82.40          0.0          253.0
2021-08-13           82.40          0.0          243.0
2021-08-16           68.00          0.0          595.0
2021-08-17           71.96          0.0          252.0
2021-08-18           77.90          0.0          276.0
2021-08-19           77.36         14.5          236.0
2021-08-20           73.94          0.3          286.0
2021-08-23           75.92          0.3          667.0
2021-08-24           76.46         31.8          245.0
2021-08-25           78.44          0.0          307.0
2021-08-26           80.96          0.0          302.0
2021-08-27           80.42          0.0          299.0
2021-08-30           75.92          0.0          753.0
2021-08-31           74.48          0.0          292.0
2021-09-01           66.56          4.1          301.0
2021-09-02           64.40         95.0          292.0
2021-09-03           62.42          0.0          291.0
2021-09-07           68.00          0.0          960.0
2021-09-08           71.96          0.0          260.0
2021-09-09           70.88          8.1          364.0
2021-09-10           68.54          0.0          307.0, preprocess=True, imputation_type=simple, iterative_imputation_iters=5, categorical_features=None, categorical_imputation=constant, categorical_iterative_imputer=lightgbm, ordinal_features=None, high_cardinality_features=None, high_cardinality_method=frequency, numeric_features=DatetimeIndex(['2020-01-22', '2020-01-23', '2020-01-24', '2020-01-27',
               '2020-01-28', '2020-01-29', '2020-01-30', '2020-01-31',
               '2020-02-03', '2020-02-04',
               ...
               '2021-08-27', '2021-08-30', '2021-08-31', '2021-09-01',
               '2021-09-02', '2021-09-03', '2021-09-07', '2021-09-08',
               '2021-09-09', '2021-09-10'],
              dtype='datetime64[ns]', name='date', length=423, freq=None), numeric_imputation=mean, numeric_iterative_imputer=lightgbm, date_features=None, ignore_features=None, normalize=False, normalize_method=zscore, transformation=False, transformation_method=yeo-johnson, handle_unknown_categorical=True, unknown_categorical_method=least_frequent, pca=False, pca_method=linear, pca_components=None, ignore_low_variance=False, combine_rare_levels=False, rare_level_threshold=0.1, bin_numeric_features=None, remove_outliers=False, outliers_threshold=0.05, remove_multicollinearity=False, multicollinearity_threshold=0.9, remove_perfect_collinearity=True, create_clusters=False, cluster_iter=20, polynomial_features=False, polynomial_degree=2, trigonometry_features=False, polynomial_threshold=0.1, group_features=None, group_names=None, feature_selection=False, feature_selection_threshold=0.8, feature_selection_method=classic, feature_interaction=False, feature_ratio=False, interaction_threshold=0.01, fix_imbalance=False, fix_imbalance_method=None, transform_target=True, transform_target_method=box-cox, data_split_shuffle=True, data_split_stratify=False, fold_strategy=timeseries, fold=3, fold_shuffle=False, fold_groups=None, n_jobs=-1, use_gpu=False, custom_pipeline=None, html=True, session_id=123, log_experiment=False, experiment_name=None, log_plots=False, log_profile=False, log_data=False, silent=False, verbose=True, profile=False, display=None)
2021-10-24 12:58:03,062:INFO:Checking environment
2021-10-24 12:58:03,062:INFO:python_version: 3.8.8
2021-10-24 12:58:03,062:INFO:python_build: ('default', 'Apr 13 2021 12:59:45')
2021-10-24 12:58:03,062:INFO:machine: x86_64
2021-10-24 12:58:03,089:INFO:platform: macOS-10.16-x86_64-i386-64bit
2021-10-24 12:58:03,089:INFO:Memory: svmem(total=34359738368, available=22189248512, percent=35.4, used=10689314816, free=15345987584, active=6842851328, inactive=5062328320, wired=3846463488)
2021-10-24 12:58:03,089:INFO:Physical Core: 4
2021-10-24 12:58:03,090:INFO:Logical Core: 8
2021-10-24 12:58:03,090:INFO:Checking libraries
2021-10-24 12:58:03,090:INFO:pd==1.2.4
2021-10-24 12:58:03,090:INFO:numpy==1.19.5
2021-10-24 12:58:03,090:INFO:sklearn==0.23.2
2021-10-24 12:58:03,234:INFO:xgboost==1.5.0
2021-10-24 12:58:03,234:INFO:lightgbm==3.3.0
2021-10-24 12:58:03,566:INFO:catboost==1.0.0
2021-10-24 12:58:04,177:INFO:mlflow==1.20.2
2021-10-24 12:58:04,178:INFO:Checking Exceptions
